<?xml version="1.0" encoding="UTF-8"?>
<coverage generated="1658932768018" clover="3.2.0">
  <project timestamp="1658932768018" name="All files">
    <metrics statements="184" coveredstatements="45" conditionals="88" coveredconditionals="5" methods="41" coveredmethods="4" elements="313" coveredelements="54" complexity="0" loc="184" ncloc="184" packages="1" files="1" classes="1"/>
    <file name="index.js" path="/Users/emretoprak/Projects/pubsub-connector/dist/index.js">
      <metrics statements="184" coveredstatements="45" conditionals="88" coveredconditionals="5" methods="41" coveredmethods="4"/>
      <line num="3" count="1" type="stmt"/>
      <line num="4" count="1" type="cond" truecount="1" falsecount="1"/>
      <line num="5" count="1" type="stmt"/>
      <line num="7" count="1" type="stmt"/>
      <line num="8" count="1" type="stmt"/>
      <line num="9" count="1" type="stmt"/>
      <line num="10" count="1" type="stmt"/>
      <line num="11" count="1" type="stmt"/>
      <line num="12" count="1" type="stmt"/>
      <line num="13" count="1" type="stmt"/>
      <line num="24" count="1" type="cond" truecount="1" falsecount="1"/>
      <line num="25" count="1" type="stmt"/>
      <line num="28" count="1" type="stmt"/>
      <line num="29" count="0" type="stmt"/>
      <line num="31" count="1" type="stmt"/>
      <line num="32" count="0" type="stmt"/>
      <line num="34" count="1" type="stmt"/>
      <line num="35" count="1" type="stmt"/>
      <line num="36" count="1" type="stmt"/>
      <line num="37" count="1" type="stmt"/>
      <line num="38" count="1" type="cond" truecount="3" falsecount="1"/>
      <line num="39" count="0" type="stmt"/>
      <line num="41" count="1" type="stmt"/>
      <line num="42" count="1" type="stmt"/>
      <line num="43" count="1" type="stmt"/>
      <line num="44" count="1" type="stmt"/>
      <line num="47" count="0" type="stmt"/>
      <line num="48" count="0" type="stmt"/>
      <line num="49" count="0" type="stmt"/>
      <line num="51" count="0" type="stmt"/>
      <line num="53" count="1" type="stmt"/>
      <line num="54" count="0" type="stmt"/>
      <line num="55" count="0" type="stmt"/>
      <line num="56" count="0" type="stmt"/>
      <line num="57" count="0" type="stmt"/>
      <line num="59" count="0" type="stmt"/>
      <line num="60" count="0" type="stmt"/>
      <line num="61" count="0" type="stmt"/>
      <line num="64" count="0" type="cond" truecount="0" falsecount="2"/>
      <line num="65" count="0" type="stmt"/>
      <line num="67" count="0" type="stmt"/>
      <line num="68" count="0" type="stmt"/>
      <line num="70" count="1" type="stmt"/>
      <line num="71" count="0" type="stmt"/>
      <line num="72" count="0" type="cond" truecount="0" falsecount="2"/>
      <line num="73" count="0" type="stmt"/>
      <line num="76" count="0" type="stmt"/>
      <line num="80" count="1" type="stmt"/>
      <line num="81" count="0" type="stmt"/>
      <line num="82" count="0" type="stmt"/>
      <line num="84" count="0" type="stmt"/>
      <line num="86" count="1" type="stmt"/>
      <line num="87" count="0" type="cond" truecount="0" falsecount="2"/>
      <line num="89" count="1" type="stmt"/>
      <line num="90" count="0" type="cond" truecount="0" falsecount="2"/>
      <line num="91" count="0" type="stmt"/>
      <line num="94" count="1" type="stmt"/>
      <line num="95" count="0" type="stmt"/>
      <line num="97" count="1" type="stmt"/>
      <line num="98" count="0" type="stmt"/>
      <line num="99" count="0" type="cond" truecount="0" falsecount="2"/>
      <line num="100" count="0" type="stmt"/>
      <line num="103" count="0" type="stmt"/>
      <line num="104" count="0" type="stmt"/>
      <line num="108" count="1" type="stmt"/>
      <line num="109" count="0" type="cond" truecount="0" falsecount="2"/>
      <line num="110" count="0" type="stmt"/>
      <line num="111" count="0" type="stmt"/>
      <line num="112" count="0" type="stmt"/>
      <line num="113" count="0" type="stmt"/>
      <line num="114" count="0" type="stmt"/>
      <line num="115" count="0" type="stmt"/>
      <line num="116" count="0" type="cond" truecount="0" falsecount="2"/>
      <line num="117" count="0" type="stmt"/>
      <line num="118" count="0" type="stmt"/>
      <line num="119" count="0" type="stmt"/>
      <line num="120" count="0" type="stmt"/>
      <line num="121" count="0" type="stmt"/>
      <line num="122" count="0" type="stmt"/>
      <line num="124" count="0" type="stmt"/>
      <line num="144" count="1" type="stmt"/>
      <line num="145" count="0" type="stmt"/>
      <line num="146" count="0" type="stmt"/>
      <line num="147" count="0" type="stmt"/>
      <line num="152" count="1" type="stmt"/>
      <line num="153" count="0" type="cond" truecount="0" falsecount="2"/>
      <line num="154" count="0" type="stmt"/>
      <line num="156" count="0" type="stmt"/>
      <line num="157" count="0" type="stmt"/>
      <line num="158" count="0" type="stmt"/>
      <line num="164" count="0" type="stmt"/>
      <line num="170" count="0" type="stmt"/>
      <line num="171" count="0" type="stmt"/>
      <line num="173" count="1" type="stmt"/>
      <line num="174" count="0" type="stmt"/>
      <line num="175" count="0" type="stmt"/>
      <line num="176" count="0" type="stmt"/>
      <line num="177" count="0" type="cond" truecount="0" falsecount="5"/>
      <line num="180" count="0" type="stmt"/>
      <line num="181" count="0" type="stmt"/>
      <line num="182" count="0" type="stmt"/>
      <line num="183" count="0" type="stmt"/>
      <line num="184" count="0" type="cond" truecount="0" falsecount="2"/>
      <line num="185" count="0" type="stmt"/>
      <line num="191" count="1" type="stmt"/>
      <line num="192" count="0" type="cond" truecount="0" falsecount="5"/>
      <line num="195" count="0" type="stmt"/>
      <line num="197" count="0" type="stmt"/>
      <line num="199" count="1" type="stmt"/>
      <line num="200" count="0" type="stmt"/>
      <line num="201" count="0" type="stmt"/>
      <line num="202" count="0" type="cond" truecount="0" falsecount="2"/>
      <line num="203" count="0" type="stmt"/>
      <line num="204" count="0" type="stmt"/>
      <line num="206" count="0" type="stmt"/>
      <line num="207" count="0" type="stmt"/>
      <line num="208" count="0" type="cond" truecount="0" falsecount="2"/>
      <line num="209" count="0" type="stmt"/>
      <line num="214" count="1" type="stmt"/>
      <line num="215" count="0" type="stmt"/>
      <line num="216" count="0" type="cond" truecount="0" falsecount="2"/>
      <line num="217" count="0" type="stmt"/>
      <line num="218" count="0" type="stmt"/>
      <line num="219" count="0" type="stmt"/>
      <line num="220" count="0" type="stmt"/>
      <line num="221" count="0" type="stmt"/>
      <line num="225" count="1" type="stmt"/>
      <line num="226" count="0" type="stmt"/>
      <line num="227" count="0" type="stmt"/>
      <line num="228" count="0" type="cond" truecount="0" falsecount="2"/>
      <line num="229" count="0" type="stmt"/>
      <line num="235" count="0" type="stmt"/>
      <line num="236" count="0" type="stmt"/>
      <line num="237" count="0" type="stmt"/>
      <line num="238" count="0" type="cond" truecount="0" falsecount="4"/>
      <line num="239" count="0" type="stmt"/>
      <line num="242" count="0" type="stmt"/>
      <line num="245" count="1" type="stmt"/>
      <line num="246" count="0" type="stmt"/>
      <line num="247" count="0" type="stmt"/>
      <line num="248" count="0" type="stmt"/>
      <line num="251" count="1" type="stmt"/>
      <line num="252" count="0" type="stmt"/>
      <line num="253" count="0" type="cond" truecount="0" falsecount="2"/>
      <line num="254" count="0" type="stmt"/>
      <line num="255" count="0" type="cond" truecount="0" falsecount="2"/>
      <line num="256" count="0" type="stmt"/>
      <line num="261" count="1" type="stmt"/>
      <line num="262" count="0" type="cond" truecount="0" falsecount="5"/>
      <line num="265" count="0" type="stmt"/>
      <line num="266" count="0" type="stmt"/>
      <line num="267" count="0" type="cond" truecount="0" falsecount="2"/>
      <line num="268" count="0" type="stmt"/>
      <line num="272" count="1" type="stmt"/>
      <line num="273" count="0" type="cond" truecount="0" falsecount="7"/>
      <line num="275" count="0" type="stmt"/>
      <line num="277" count="0" type="stmt"/>
      <line num="279" count="0" type="stmt"/>
      <line num="280" count="0" type="stmt"/>
      <line num="282" count="0" type="cond" truecount="0" falsecount="2"/>
      <line num="283" count="0" type="stmt"/>
      <line num="284" count="0" type="stmt"/>
      <line num="285" count="0" type="cond" truecount="0" falsecount="2"/>
      <line num="286" count="0" type="stmt"/>
      <line num="289" count="0" type="cond" truecount="0" falsecount="2"/>
      <line num="290" count="0" type="stmt"/>
      <line num="291" count="0" type="stmt"/>
      <line num="292" count="0" type="stmt"/>
      <line num="294" count="0" type="cond" truecount="0" falsecount="2"/>
      <line num="295" count="0" type="stmt"/>
      <line num="296" count="0" type="cond" truecount="0" falsecount="2"/>
      <line num="297" count="0" type="stmt"/>
      <line num="300" count="0" type="stmt"/>
      <line num="302" count="0" type="stmt"/>
      <line num="303" count="0" type="cond" truecount="0" falsecount="2"/>
      <line num="304" count="0" type="stmt"/>
      <line num="306" count="0" type="stmt"/>
      <line num="308" count="0" type="stmt"/>
      <line num="310" count="0" type="stmt"/>
      <line num="311" count="0" type="stmt"/>
      <line num="314" count="1" type="stmt"/>
      <line num="315" count="0" type="stmt"/>
      <line num="317" count="1" type="stmt"/>
      <line num="319" count="1" type="stmt"/>
    </file>
  </project>
</coverage>
