{"/Users/emretoprak/Projects/pubsub-connector/dist/index.js": {"path":"/Users/emretoprak/Projects/pubsub-connector/dist/index.js","statementMap":{"0":{"start":{"line":3,"column":0},"end":{"line":3,"column":62}},"1":{"start":{"line":4,"column":16},"end":{"line":4,"column":80}},"2":{"start":{"line":5,"column":23},"end":{"line":318,"column":3}},"3":{"start":{"line":7,"column":8},"end":{"line":7,"column":32}},"4":{"start":{"line":8,"column":8},"end":{"line":8,"column":35}},"5":{"start":{"line":9,"column":8},"end":{"line":9,"column":29}},"6":{"start":{"line":10,"column":8},"end":{"line":10,"column":23}},"7":{"start":{"line":11,"column":8},"end":{"line":11,"column":32}},"8":{"start":{"line":12,"column":8},"end":{"line":12,"column":32}},"9":{"start":{"line":13,"column":8},"end":{"line":23,"column":10}},"10":{"start":{"line":24,"column":8},"end":{"line":26,"column":9}},"11":{"start":{"line":25,"column":12},"end":{"line":25,"column":35}},"12":{"start":{"line":28,"column":4},"end":{"line":30,"column":6}},"13":{"start":{"line":29,"column":8},"end":{"line":29,"column":31}},"14":{"start":{"line":31,"column":4},"end":{"line":33,"column":6}},"15":{"start":{"line":32,"column":8},"end":{"line":32,"column":27}},"16":{"start":{"line":34,"column":4},"end":{"line":79,"column":6}},"17":{"start":{"line":35,"column":20},"end":{"line":35,"column":24}},"18":{"start":{"line":36,"column":20},"end":{"line":36,"column":24}},"19":{"start":{"line":37,"column":8},"end":{"line":37,"column":33}},"20":{"start":{"line":38,"column":8},"end":{"line":40,"column":9}},"21":{"start":{"line":39,"column":12},"end":{"line":39,"column":58}},"22":{"start":{"line":41,"column":8},"end":{"line":78,"column":11}},"23":{"start":{"line":42,"column":12},"end":{"line":52,"column":13}},"24":{"start":{"line":43,"column":29},"end":{"line":43,"column":61}},"25":{"start":{"line":44,"column":16},"end":{"line":44,"column":38}},"26":{"start":{"line":47,"column":16},"end":{"line":47,"column":32}},"27":{"start":{"line":48,"column":16},"end":{"line":50,"column":60}},"28":{"start":{"line":49,"column":20},"end":{"line":49,"column":36}},"29":{"start":{"line":51,"column":16},"end":{"line":51,"column":23}},"30":{"start":{"line":53,"column":12},"end":{"line":69,"column":14}},"31":{"start":{"line":54,"column":16},"end":{"line":58,"column":18}},"32":{"start":{"line":55,"column":34},"end":{"line":55,"column":54}},"33":{"start":{"line":56,"column":20},"end":{"line":56,"column":53}},"34":{"start":{"line":57,"column":20},"end":{"line":57,"column":48}},"35":{"start":{"line":59,"column":16},"end":{"line":63,"column":18}},"36":{"start":{"line":60,"column":20},"end":{"line":62,"column":64}},"37":{"start":{"line":61,"column":24},"end":{"line":61,"column":40}},"38":{"start":{"line":64,"column":16},"end":{"line":66,"column":17}},"39":{"start":{"line":65,"column":20},"end":{"line":65,"column":104}},"40":{"start":{"line":67,"column":16},"end":{"line":67,"column":36}},"41":{"start":{"line":68,"column":16},"end":{"line":68,"column":38}},"42":{"start":{"line":70,"column":12},"end":{"line":77,"column":14}},"43":{"start":{"line":71,"column":16},"end":{"line":75,"column":60}},"44":{"start":{"line":72,"column":20},"end":{"line":74,"column":21}},"45":{"start":{"line":73,"column":24},"end":{"line":73,"column":40}},"46":{"start":{"line":76,"column":16},"end":{"line":76,"column":28}},"47":{"start":{"line":80,"column":4},"end":{"line":85,"column":6}},"48":{"start":{"line":81,"column":8},"end":{"line":83,"column":10}},"49":{"start":{"line":82,"column":12},"end":{"line":82,"column":40}},"50":{"start":{"line":84,"column":8},"end":{"line":84,"column":28}},"51":{"start":{"line":86,"column":4},"end":{"line":88,"column":6}},"52":{"start":{"line":87,"column":8},"end":{"line":87,"column":79}},"53":{"start":{"line":89,"column":4},"end":{"line":93,"column":6}},"54":{"start":{"line":90,"column":8},"end":{"line":92,"column":9}},"55":{"start":{"line":91,"column":12},"end":{"line":91,"column":42}},"56":{"start":{"line":94,"column":4},"end":{"line":96,"column":6}},"57":{"start":{"line":95,"column":8},"end":{"line":95,"column":34}},"58":{"start":{"line":97,"column":4},"end":{"line":107,"column":6}},"59":{"start":{"line":98,"column":20},"end":{"line":98,"column":24}},"60":{"start":{"line":99,"column":8},"end":{"line":106,"column":9}},"61":{"start":{"line":100,"column":12},"end":{"line":100,"column":38}},"62":{"start":{"line":103,"column":12},"end":{"line":105,"column":20}},"63":{"start":{"line":104,"column":16},"end":{"line":104,"column":36}},"64":{"start":{"line":108,"column":4},"end":{"line":143,"column":6}},"65":{"start":{"line":109,"column":8},"end":{"line":142,"column":9}},"66":{"start":{"line":110,"column":28},"end":{"line":110,"column":30}},"67":{"start":{"line":111,"column":30},"end":{"line":111,"column":32}},"68":{"start":{"line":112,"column":32},"end":{"line":112,"column":34}},"69":{"start":{"line":113,"column":29},"end":{"line":113,"column":31}},"70":{"start":{"line":114,"column":33},"end":{"line":114,"column":35}},"71":{"start":{"line":115,"column":34},"end":{"line":115,"column":36}},"72":{"start":{"line":116,"column":12},"end":{"line":123,"column":13}},"73":{"start":{"line":117,"column":16},"end":{"line":117,"column":54}},"74":{"start":{"line":118,"column":16},"end":{"line":118,"column":55}},"75":{"start":{"line":119,"column":16},"end":{"line":119,"column":48}},"76":{"start":{"line":120,"column":16},"end":{"line":120,"column":43}},"77":{"start":{"line":121,"column":16},"end":{"line":121,"column":59}},"78":{"start":{"line":122,"column":16},"end":{"line":122,"column":62}},"79":{"start":{"line":124,"column":12},"end":{"line":141,"column":16}},"80":{"start":{"line":144,"column":4},"end":{"line":151,"column":6}},"81":{"start":{"line":145,"column":20},"end":{"line":145,"column":24}},"82":{"start":{"line":146,"column":8},"end":{"line":150,"column":18}},"83":{"start":{"line":147,"column":12},"end":{"line":149,"column":16}},"84":{"start":{"line":152,"column":4},"end":{"line":172,"column":6}},"85":{"start":{"line":153,"column":8},"end":{"line":155,"column":9}},"86":{"start":{"line":154,"column":12},"end":{"line":154,"column":46}},"87":{"start":{"line":156,"column":8},"end":{"line":156,"column":36}},"88":{"start":{"line":157,"column":8},"end":{"line":157,"column":59}},"89":{"start":{"line":158,"column":8},"end":{"line":163,"column":12}},"90":{"start":{"line":164,"column":8},"end":{"line":169,"column":11}},"91":{"start":{"line":170,"column":8},"end":{"line":170,"column":69}},"92":{"start":{"line":171,"column":8},"end":{"line":171,"column":26}},"93":{"start":{"line":173,"column":4},"end":{"line":190,"column":6}},"94":{"start":{"line":174,"column":20},"end":{"line":174,"column":24}},"95":{"start":{"line":175,"column":8},"end":{"line":189,"column":11}},"96":{"start":{"line":176,"column":12},"end":{"line":188,"column":15}},"97":{"start":{"line":177,"column":16},"end":{"line":187,"column":17}},"98":{"start":{"line":180,"column":35},"end":{"line":180,"column":60}},"99":{"start":{"line":181,"column":20},"end":{"line":181,"column":36}},"100":{"start":{"line":182,"column":20},"end":{"line":182,"column":60}},"101":{"start":{"line":183,"column":20},"end":{"line":183,"column":45}},"102":{"start":{"line":184,"column":20},"end":{"line":186,"column":21}},"103":{"start":{"line":185,"column":24},"end":{"line":185,"column":57}},"104":{"start":{"line":191,"column":4},"end":{"line":198,"column":6}},"105":{"start":{"line":192,"column":8},"end":{"line":196,"column":9}},"106":{"start":{"line":195,"column":12},"end":{"line":195,"column":68}},"107":{"start":{"line":197,"column":8},"end":{"line":197,"column":20}},"108":{"start":{"line":199,"column":4},"end":{"line":213,"column":6}},"109":{"start":{"line":200,"column":20},"end":{"line":200,"column":24}},"110":{"start":{"line":201,"column":8},"end":{"line":212,"column":11}},"111":{"start":{"line":202,"column":12},"end":{"line":205,"column":13}},"112":{"start":{"line":203,"column":16},"end":{"line":203,"column":44}},"113":{"start":{"line":204,"column":16},"end":{"line":204,"column":53}},"114":{"start":{"line":206,"column":12},"end":{"line":206,"column":62}},"115":{"start":{"line":207,"column":12},"end":{"line":211,"column":15}},"116":{"start":{"line":208,"column":16},"end":{"line":210,"column":17}},"117":{"start":{"line":209,"column":20},"end":{"line":209,"column":58}},"118":{"start":{"line":214,"column":4},"end":{"line":224,"column":6}},"119":{"start":{"line":215,"column":20},"end":{"line":215,"column":24}},"120":{"start":{"line":216,"column":8},"end":{"line":223,"column":9}},"121":{"start":{"line":217,"column":12},"end":{"line":217,"column":36}},"122":{"start":{"line":218,"column":29},"end":{"line":218,"column":69}},"123":{"start":{"line":219,"column":12},"end":{"line":219,"column":39}},"124":{"start":{"line":220,"column":12},"end":{"line":222,"column":15}},"125":{"start":{"line":221,"column":16},"end":{"line":221,"column":65}},"126":{"start":{"line":225,"column":4},"end":{"line":244,"column":6}},"127":{"start":{"line":226,"column":23},"end":{"line":226,"column":92}},"128":{"start":{"line":226,"column":70},"end":{"line":226,"column":89}},"129":{"start":{"line":227,"column":22},"end":{"line":227,"column":53}},"130":{"start":{"line":228,"column":8},"end":{"line":243,"column":9}},"131":{"start":{"line":229,"column":12},"end":{"line":234,"column":16}},"132":{"start":{"line":235,"column":23},"end":{"line":235,"column":54}},"133":{"start":{"line":236,"column":12},"end":{"line":241,"column":13}},"134":{"start":{"line":236,"column":25},"end":{"line":236,"column":26}},"135":{"start":{"line":237,"column":26},"end":{"line":237,"column":53}},"136":{"start":{"line":238,"column":16},"end":{"line":240,"column":17}},"137":{"start":{"line":239,"column":20},"end":{"line":239,"column":49}},"138":{"start":{"line":242,"column":12},"end":{"line":242,"column":54}},"139":{"start":{"line":245,"column":4},"end":{"line":250,"column":6}},"140":{"start":{"line":246,"column":8},"end":{"line":249,"column":9}},"141":{"start":{"line":246,"column":21},"end":{"line":246,"column":22}},"142":{"start":{"line":247,"column":22},"end":{"line":247,"column":46}},"143":{"start":{"line":248,"column":12},"end":{"line":248,"column":37}},"144":{"start":{"line":251,"column":4},"end":{"line":260,"column":6}},"145":{"start":{"line":252,"column":20},"end":{"line":252,"column":24}},"146":{"start":{"line":253,"column":8},"end":{"line":259,"column":9}},"147":{"start":{"line":254,"column":12},"end":{"line":258,"column":15}},"148":{"start":{"line":255,"column":16},"end":{"line":257,"column":17}},"149":{"start":{"line":256,"column":20},"end":{"line":256,"column":62}},"150":{"start":{"line":261,"column":4},"end":{"line":271,"column":6}},"151":{"start":{"line":262,"column":8},"end":{"line":270,"column":9}},"152":{"start":{"line":265,"column":12},"end":{"line":269,"column":13}},"153":{"start":{"line":265,"column":25},"end":{"line":265,"column":26}},"154":{"start":{"line":266,"column":31},"end":{"line":266,"column":121}},"155":{"start":{"line":267,"column":16},"end":{"line":268,"column":35}},"156":{"start":{"line":268,"column":20},"end":{"line":268,"column":35}},"157":{"start":{"line":272,"column":4},"end":{"line":313,"column":6}},"158":{"start":{"line":273,"column":8},"end":{"line":312,"column":9}},"159":{"start":{"line":275,"column":16},"end":{"line":275,"column":22}},"160":{"start":{"line":277,"column":16},"end":{"line":277,"column":22}},"161":{"start":{"line":279,"column":16},"end":{"line":279,"column":96}},"162":{"start":{"line":280,"column":16},"end":{"line":280,"column":22}},"163":{"start":{"line":282,"column":16},"end":{"line":288,"column":17}},"164":{"start":{"line":283,"column":20},"end":{"line":283,"column":83}},"165":{"start":{"line":284,"column":20},"end":{"line":284,"column":38}},"166":{"start":{"line":285,"column":20},"end":{"line":287,"column":21}},"167":{"start":{"line":286,"column":24},"end":{"line":286,"column":54}},"168":{"start":{"line":289,"column":16},"end":{"line":293,"column":17}},"169":{"start":{"line":290,"column":20},"end":{"line":290,"column":45}},"170":{"start":{"line":291,"column":20},"end":{"line":291,"column":39}},"171":{"start":{"line":292,"column":20},"end":{"line":292,"column":58}},"172":{"start":{"line":294,"column":16},"end":{"line":299,"column":17}},"173":{"start":{"line":295,"column":20},"end":{"line":295,"column":64}},"174":{"start":{"line":296,"column":20},"end":{"line":298,"column":21}},"175":{"start":{"line":297,"column":24},"end":{"line":297,"column":54}},"176":{"start":{"line":300,"column":16},"end":{"line":300,"column":22}},"177":{"start":{"line":302,"column":16},"end":{"line":302,"column":39}},"178":{"start":{"line":303,"column":16},"end":{"line":305,"column":17}},"179":{"start":{"line":304,"column":20},"end":{"line":304,"column":51}},"180":{"start":{"line":306,"column":16},"end":{"line":306,"column":22}},"181":{"start":{"line":308,"column":16},"end":{"line":308,"column":22}},"182":{"start":{"line":310,"column":16},"end":{"line":310,"column":95}},"183":{"start":{"line":311,"column":16},"end":{"line":311,"column":22}},"184":{"start":{"line":314,"column":4},"end":{"line":316,"column":6}},"185":{"start":{"line":315,"column":8},"end":{"line":315,"column":34}},"186":{"start":{"line":317,"column":4},"end":{"line":317,"column":27}},"187":{"start":{"line":319,"column":0},"end":{"line":319,"column":34}}},"fnMap":{"0":{"name":"(anonymous_0)","decl":{"start":{"line":5,"column":23},"end":{"line":5,"column":24}},"loc":{"start":{"line":5,"column":35},"end":{"line":318,"column":1}},"line":5},"1":{"name":"PubsubConnector","decl":{"start":{"line":6,"column":13},"end":{"line":6,"column":28}},"loc":{"start":{"line":6,"column":38},"end":{"line":27,"column":5}},"line":6},"2":{"name":"(anonymous_2)","decl":{"start":{"line":28,"column":43},"end":{"line":28,"column":44}},"loc":{"start":{"line":28,"column":62},"end":{"line":30,"column":5}},"line":28},"3":{"name":"(anonymous_3)","decl":{"start":{"line":31,"column":42},"end":{"line":31,"column":43}},"loc":{"start":{"line":31,"column":54},"end":{"line":33,"column":5}},"line":31},"4":{"name":"(anonymous_4)","decl":{"start":{"line":34,"column":40},"end":{"line":34,"column":41}},"loc":{"start":{"line":34,"column":52},"end":{"line":79,"column":5}},"line":34},"5":{"name":"(anonymous_5)","decl":{"start":{"line":41,"column":27},"end":{"line":41,"column":28}},"loc":{"start":{"line":41,"column":54},"end":{"line":78,"column":9}},"line":41},"6":{"name":"(anonymous_6)","decl":{"start":{"line":48,"column":27},"end":{"line":48,"column":28}},"loc":{"start":{"line":48,"column":39},"end":{"line":50,"column":17}},"line":48},"7":{"name":"(anonymous_7)","decl":{"start":{"line":53,"column":34},"end":{"line":53,"column":35}},"loc":{"start":{"line":53,"column":46},"end":{"line":69,"column":13}},"line":53},"8":{"name":"(anonymous_8)","decl":{"start":{"line":54,"column":41},"end":{"line":54,"column":42}},"loc":{"start":{"line":54,"column":56},"end":{"line":58,"column":17}},"line":54},"9":{"name":"(anonymous_9)","decl":{"start":{"line":59,"column":39},"end":{"line":59,"column":40}},"loc":{"start":{"line":59,"column":51},"end":{"line":63,"column":17}},"line":59},"10":{"name":"(anonymous_10)","decl":{"start":{"line":60,"column":31},"end":{"line":60,"column":32}},"loc":{"start":{"line":60,"column":43},"end":{"line":62,"column":21}},"line":60},"11":{"name":"(anonymous_11)","decl":{"start":{"line":70,"column":35},"end":{"line":70,"column":36}},"loc":{"start":{"line":70,"column":50},"end":{"line":77,"column":13}},"line":70},"12":{"name":"(anonymous_12)","decl":{"start":{"line":71,"column":27},"end":{"line":71,"column":28}},"loc":{"start":{"line":71,"column":39},"end":{"line":75,"column":17}},"line":71},"13":{"name":"(anonymous_13)","decl":{"start":{"line":80,"column":43},"end":{"line":80,"column":44}},"loc":{"start":{"line":80,"column":55},"end":{"line":85,"column":5}},"line":80},"14":{"name":"(anonymous_14)","decl":{"start":{"line":81,"column":30},"end":{"line":81,"column":31}},"loc":{"start":{"line":81,"column":42},"end":{"line":83,"column":9}},"line":81},"15":{"name":"(anonymous_15)","decl":{"start":{"line":86,"column":46},"end":{"line":86,"column":47}},"loc":{"start":{"line":86,"column":58},"end":{"line":88,"column":5}},"line":86},"16":{"name":"(anonymous_16)","decl":{"start":{"line":89,"column":53},"end":{"line":89,"column":54}},"loc":{"start":{"line":89,"column":67},"end":{"line":93,"column":5}},"line":89},"17":{"name":"(anonymous_17)","decl":{"start":{"line":94,"column":49},"end":{"line":94,"column":50}},"loc":{"start":{"line":94,"column":61},"end":{"line":96,"column":5}},"line":94},"18":{"name":"(anonymous_18)","decl":{"start":{"line":97,"column":37},"end":{"line":97,"column":38}},"loc":{"start":{"line":97,"column":56},"end":{"line":107,"column":5}},"line":97},"19":{"name":"(anonymous_19)","decl":{"start":{"line":103,"column":23},"end":{"line":103,"column":24}},"loc":{"start":{"line":103,"column":35},"end":{"line":105,"column":13}},"line":103},"20":{"name":"(anonymous_20)","decl":{"start":{"line":108,"column":38},"end":{"line":108,"column":39}},"loc":{"start":{"line":108,"column":78},"end":{"line":143,"column":5}},"line":108},"21":{"name":"(anonymous_21)","decl":{"start":{"line":144,"column":50},"end":{"line":144,"column":51}},"loc":{"start":{"line":144,"column":62},"end":{"line":151,"column":5}},"line":144},"22":{"name":"(anonymous_22)","decl":{"start":{"line":146,"column":20},"end":{"line":146,"column":21}},"loc":{"start":{"line":146,"column":32},"end":{"line":150,"column":9}},"line":146},"23":{"name":"(anonymous_23)","decl":{"start":{"line":152,"column":42},"end":{"line":152,"column":43}},"loc":{"start":{"line":152,"column":79},"end":{"line":172,"column":5}},"line":152},"24":{"name":"(anonymous_24)","decl":{"start":{"line":173,"column":61},"end":{"line":173,"column":62}},"loc":{"start":{"line":173,"column":88},"end":{"line":190,"column":5}},"line":173},"25":{"name":"(anonymous_25)","decl":{"start":{"line":175,"column":24},"end":{"line":175,"column":25}},"loc":{"start":{"line":175,"column":37},"end":{"line":189,"column":9}},"line":175},"26":{"name":"(anonymous_26)","decl":{"start":{"line":176,"column":27},"end":{"line":176,"column":28}},"loc":{"start":{"line":176,"column":40},"end":{"line":188,"column":13}},"line":176},"27":{"name":"(anonymous_27)","decl":{"start":{"line":191,"column":54},"end":{"line":191,"column":55}},"loc":{"start":{"line":191,"column":94},"end":{"line":198,"column":5}},"line":191},"28":{"name":"(anonymous_28)","decl":{"start":{"line":199,"column":49},"end":{"line":199,"column":50}},"loc":{"start":{"line":199,"column":93},"end":{"line":213,"column":5}},"line":199},"29":{"name":"(anonymous_29)","decl":{"start":{"line":201,"column":24},"end":{"line":201,"column":25}},"loc":{"start":{"line":201,"column":37},"end":{"line":212,"column":9}},"line":201},"30":{"name":"(anonymous_30)","decl":{"start":{"line":207,"column":27},"end":{"line":207,"column":28}},"loc":{"start":{"line":207,"column":40},"end":{"line":211,"column":13}},"line":207},"31":{"name":"(anonymous_31)","decl":{"start":{"line":214,"column":44},"end":{"line":214,"column":45}},"loc":{"start":{"line":214,"column":56},"end":{"line":224,"column":5}},"line":214},"32":{"name":"(anonymous_32)","decl":{"start":{"line":220,"column":31},"end":{"line":220,"column":32}},"loc":{"start":{"line":220,"column":44},"end":{"line":222,"column":13}},"line":220},"33":{"name":"(anonymous_33)","decl":{"start":{"line":225,"column":44},"end":{"line":225,"column":45}},"loc":{"start":{"line":225,"column":58},"end":{"line":244,"column":5}},"line":225},"34":{"name":"(anonymous_34)","decl":{"start":{"line":226,"column":55},"end":{"line":226,"column":56}},"loc":{"start":{"line":226,"column":68},"end":{"line":226,"column":91}},"line":226},"35":{"name":"(anonymous_35)","decl":{"start":{"line":245,"column":47},"end":{"line":245,"column":48}},"loc":{"start":{"line":245,"column":59},"end":{"line":250,"column":5}},"line":245},"36":{"name":"(anonymous_36)","decl":{"start":{"line":251,"column":50},"end":{"line":251,"column":51}},"loc":{"start":{"line":251,"column":66},"end":{"line":260,"column":5}},"line":251},"37":{"name":"(anonymous_37)","decl":{"start":{"line":254,"column":38},"end":{"line":254,"column":39}},"loc":{"start":{"line":254,"column":51},"end":{"line":258,"column":13}},"line":254},"38":{"name":"(anonymous_38)","decl":{"start":{"line":261,"column":41},"end":{"line":261,"column":42}},"loc":{"start":{"line":261,"column":57},"end":{"line":271,"column":5}},"line":261},"39":{"name":"(anonymous_39)","decl":{"start":{"line":272,"column":45},"end":{"line":272,"column":46}},"loc":{"start":{"line":272,"column":64},"end":{"line":313,"column":5}},"line":272},"40":{"name":"(anonymous_40)","decl":{"start":{"line":314,"column":44},"end":{"line":314,"column":45}},"loc":{"start":{"line":314,"column":56},"end":{"line":316,"column":5}},"line":314}},"branchMap":{"0":{"loc":{"start":{"line":4,"column":16},"end":{"line":4,"column":80}},"type":"cond-expr","locations":[{"start":{"line":4,"column":48},"end":{"line":4,"column":61}},{"start":{"line":4,"column":64},"end":{"line":4,"column":80}}],"line":4},"1":{"loc":{"start":{"line":24,"column":8},"end":{"line":26,"column":9}},"type":"if","locations":[{"start":{"line":24,"column":8},"end":{"line":26,"column":9}},{"start":{},"end":{}}],"line":24},"2":{"loc":{"start":{"line":38,"column":8},"end":{"line":40,"column":9}},"type":"if","locations":[{"start":{"line":38,"column":8},"end":{"line":40,"column":9}},{"start":{},"end":{}}],"line":38},"3":{"loc":{"start":{"line":38,"column":35},"end":{"line":38,"column":72}},"type":"binary-expr","locations":[{"start":{"line":38,"column":35},"end":{"line":38,"column":67}},{"start":{"line":38,"column":71},"end":{"line":38,"column":72}}],"line":38},"4":{"loc":{"start":{"line":50,"column":19},"end":{"line":50,"column":58}},"type":"binary-expr","locations":[{"start":{"line":50,"column":19},"end":{"line":50,"column":50}},{"start":{"line":50,"column":54},"end":{"line":50,"column":58}}],"line":50},"5":{"loc":{"start":{"line":62,"column":23},"end":{"line":62,"column":62}},"type":"binary-expr","locations":[{"start":{"line":62,"column":23},"end":{"line":62,"column":54}},{"start":{"line":62,"column":58},"end":{"line":62,"column":62}}],"line":62},"6":{"loc":{"start":{"line":64,"column":16},"end":{"line":66,"column":17}},"type":"if","locations":[{"start":{"line":64,"column":16},"end":{"line":66,"column":17}},{"start":{},"end":{}}],"line":64},"7":{"loc":{"start":{"line":72,"column":20},"end":{"line":74,"column":21}},"type":"if","locations":[{"start":{"line":72,"column":20},"end":{"line":74,"column":21}},{"start":{},"end":{}}],"line":72},"8":{"loc":{"start":{"line":75,"column":19},"end":{"line":75,"column":58}},"type":"binary-expr","locations":[{"start":{"line":75,"column":19},"end":{"line":75,"column":50}},{"start":{"line":75,"column":54},"end":{"line":75,"column":58}}],"line":75},"9":{"loc":{"start":{"line":87,"column":15},"end":{"line":87,"column":78}},"type":"cond-expr","locations":[{"start":{"line":87,"column":29},"end":{"line":87,"column":70}},{"start":{"line":87,"column":73},"end":{"line":87,"column":78}}],"line":87},"10":{"loc":{"start":{"line":90,"column":8},"end":{"line":92,"column":9}},"type":"if","locations":[{"start":{"line":90,"column":8},"end":{"line":92,"column":9}},{"start":{},"end":{}}],"line":90},"11":{"loc":{"start":{"line":99,"column":8},"end":{"line":106,"column":9}},"type":"if","locations":[{"start":{"line":99,"column":8},"end":{"line":106,"column":9}},{"start":{"line":102,"column":13},"end":{"line":106,"column":9}}],"line":99},"12":{"loc":{"start":{"line":109,"column":8},"end":{"line":142,"column":9}},"type":"if","locations":[{"start":{"line":109,"column":8},"end":{"line":142,"column":9}},{"start":{},"end":{}}],"line":109},"13":{"loc":{"start":{"line":116,"column":12},"end":{"line":123,"column":13}},"type":"if","locations":[{"start":{"line":116,"column":12},"end":{"line":123,"column":13}},{"start":{},"end":{}}],"line":116},"14":{"loc":{"start":{"line":129,"column":29},"end":{"line":129,"column":55}},"type":"binary-expr","locations":[{"start":{"line":129,"column":29},"end":{"line":129,"column":49}},{"start":{"line":129,"column":53},"end":{"line":129,"column":55}}],"line":129},"15":{"loc":{"start":{"line":132,"column":32},"end":{"line":132,"column":60}},"type":"binary-expr","locations":[{"start":{"line":132,"column":32},"end":{"line":132,"column":52}},{"start":{"line":132,"column":56},"end":{"line":132,"column":60}}],"line":132},"16":{"loc":{"start":{"line":153,"column":8},"end":{"line":155,"column":9}},"type":"if","locations":[{"start":{"line":153,"column":8},"end":{"line":155,"column":9}},{"start":{},"end":{}}],"line":153},"17":{"loc":{"start":{"line":177,"column":16},"end":{"line":187,"column":17}},"type":"if","locations":[{"start":{"line":177,"column":16},"end":{"line":187,"column":17}},{"start":{},"end":{}}],"line":177},"18":{"loc":{"start":{"line":177,"column":20},"end":{"line":179,"column":68}},"type":"binary-expr","locations":[{"start":{"line":177,"column":20},"end":{"line":177,"column":42}},{"start":{"line":178,"column":20},"end":{"line":178,"column":45}},{"start":{"line":179,"column":20},"end":{"line":179,"column":68}}],"line":177},"19":{"loc":{"start":{"line":184,"column":20},"end":{"line":186,"column":21}},"type":"if","locations":[{"start":{"line":184,"column":20},"end":{"line":186,"column":21}},{"start":{},"end":{}}],"line":184},"20":{"loc":{"start":{"line":192,"column":8},"end":{"line":196,"column":9}},"type":"if","locations":[{"start":{"line":192,"column":8},"end":{"line":196,"column":9}},{"start":{},"end":{}}],"line":192},"21":{"loc":{"start":{"line":192,"column":12},"end":{"line":194,"column":60}},"type":"binary-expr","locations":[{"start":{"line":192,"column":12},"end":{"line":192,"column":44}},{"start":{"line":193,"column":12},"end":{"line":193,"column":60}},{"start":{"line":194,"column":12},"end":{"line":194,"column":60}}],"line":192},"22":{"loc":{"start":{"line":202,"column":12},"end":{"line":205,"column":13}},"type":"if","locations":[{"start":{"line":202,"column":12},"end":{"line":205,"column":13}},{"start":{},"end":{}}],"line":202},"23":{"loc":{"start":{"line":208,"column":16},"end":{"line":210,"column":17}},"type":"if","locations":[{"start":{"line":208,"column":16},"end":{"line":210,"column":17}},{"start":{},"end":{}}],"line":208},"24":{"loc":{"start":{"line":216,"column":8},"end":{"line":223,"column":9}},"type":"if","locations":[{"start":{"line":216,"column":8},"end":{"line":223,"column":9}},{"start":{},"end":{}}],"line":216},"25":{"loc":{"start":{"line":228,"column":8},"end":{"line":243,"column":9}},"type":"if","locations":[{"start":{"line":228,"column":8},"end":{"line":243,"column":9}},{"start":{},"end":{}}],"line":228},"26":{"loc":{"start":{"line":238,"column":16},"end":{"line":240,"column":17}},"type":"if","locations":[{"start":{"line":238,"column":16},"end":{"line":240,"column":17}},{"start":{},"end":{}}],"line":238},"27":{"loc":{"start":{"line":238,"column":20},"end":{"line":238,"column":52}},"type":"binary-expr","locations":[{"start":{"line":238,"column":20},"end":{"line":238,"column":32}},{"start":{"line":238,"column":36},"end":{"line":238,"column":52}}],"line":238},"28":{"loc":{"start":{"line":253,"column":8},"end":{"line":259,"column":9}},"type":"if","locations":[{"start":{"line":253,"column":8},"end":{"line":259,"column":9}},{"start":{},"end":{}}],"line":253},"29":{"loc":{"start":{"line":255,"column":16},"end":{"line":257,"column":17}},"type":"if","locations":[{"start":{"line":255,"column":16},"end":{"line":257,"column":17}},{"start":{},"end":{}}],"line":255},"30":{"loc":{"start":{"line":262,"column":8},"end":{"line":270,"column":9}},"type":"if","locations":[{"start":{"line":262,"column":8},"end":{"line":270,"column":9}},{"start":{},"end":{}}],"line":262},"31":{"loc":{"start":{"line":262,"column":12},"end":{"line":264,"column":48}},"type":"binary-expr","locations":[{"start":{"line":262,"column":12},"end":{"line":262,"column":39}},{"start":{"line":263,"column":12},"end":{"line":263,"column":48}},{"start":{"line":264,"column":12},"end":{"line":264,"column":48}}],"line":262},"32":{"loc":{"start":{"line":267,"column":16},"end":{"line":268,"column":35}},"type":"if","locations":[{"start":{"line":267,"column":16},"end":{"line":268,"column":35}},{"start":{},"end":{}}],"line":267},"33":{"loc":{"start":{"line":273,"column":8},"end":{"line":312,"column":9}},"type":"switch","locations":[{"start":{"line":274,"column":12},"end":{"line":275,"column":22}},{"start":{"line":276,"column":12},"end":{"line":277,"column":22}},{"start":{"line":278,"column":12},"end":{"line":280,"column":22}},{"start":{"line":281,"column":12},"end":{"line":300,"column":22}},{"start":{"line":301,"column":12},"end":{"line":306,"column":22}},{"start":{"line":307,"column":12},"end":{"line":308,"column":22}},{"start":{"line":309,"column":12},"end":{"line":311,"column":22}}],"line":273},"34":{"loc":{"start":{"line":282,"column":16},"end":{"line":288,"column":17}},"type":"if","locations":[{"start":{"line":282,"column":16},"end":{"line":288,"column":17}},{"start":{},"end":{}}],"line":282},"35":{"loc":{"start":{"line":285,"column":20},"end":{"line":287,"column":21}},"type":"if","locations":[{"start":{"line":285,"column":20},"end":{"line":287,"column":21}},{"start":{},"end":{}}],"line":285},"36":{"loc":{"start":{"line":289,"column":16},"end":{"line":293,"column":17}},"type":"if","locations":[{"start":{"line":289,"column":16},"end":{"line":293,"column":17}},{"start":{},"end":{}}],"line":289},"37":{"loc":{"start":{"line":294,"column":16},"end":{"line":299,"column":17}},"type":"if","locations":[{"start":{"line":294,"column":16},"end":{"line":299,"column":17}},{"start":{},"end":{}}],"line":294},"38":{"loc":{"start":{"line":296,"column":20},"end":{"line":298,"column":21}},"type":"if","locations":[{"start":{"line":296,"column":20},"end":{"line":298,"column":21}},{"start":{},"end":{}}],"line":296},"39":{"loc":{"start":{"line":303,"column":16},"end":{"line":305,"column":17}},"type":"if","locations":[{"start":{"line":303,"column":16},"end":{"line":305,"column":17}},{"start":{},"end":{}}],"line":303}},"s":{"0":1,"1":1,"2":1,"3":1,"4":1,"5":1,"6":1,"7":1,"8":1,"9":1,"10":1,"11":1,"12":1,"13":0,"14":1,"15":0,"16":1,"17":1,"18":1,"19":1,"20":1,"21":0,"22":1,"23":1,"24":1,"25":1,"26":0,"27":0,"28":0,"29":0,"30":1,"31":0,"32":0,"33":0,"34":0,"35":0,"36":0,"37":0,"38":0,"39":0,"40":0,"41":0,"42":1,"43":0,"44":0,"45":0,"46":0,"47":1,"48":0,"49":0,"50":0,"51":1,"52":0,"53":1,"54":0,"55":0,"56":1,"57":0,"58":1,"59":0,"60":0,"61":0,"62":0,"63":0,"64":1,"65":0,"66":0,"67":0,"68":0,"69":0,"70":0,"71":0,"72":0,"73":0,"74":0,"75":0,"76":0,"77":0,"78":0,"79":0,"80":1,"81":0,"82":0,"83":0,"84":1,"85":0,"86":0,"87":0,"88":0,"89":0,"90":0,"91":0,"92":0,"93":1,"94":0,"95":0,"96":0,"97":0,"98":0,"99":0,"100":0,"101":0,"102":0,"103":0,"104":1,"105":0,"106":0,"107":0,"108":1,"109":0,"110":0,"111":0,"112":0,"113":0,"114":0,"115":0,"116":0,"117":0,"118":1,"119":0,"120":0,"121":0,"122":0,"123":0,"124":0,"125":0,"126":1,"127":0,"128":0,"129":0,"130":0,"131":0,"132":0,"133":0,"134":0,"135":0,"136":0,"137":0,"138":0,"139":1,"140":0,"141":0,"142":0,"143":0,"144":1,"145":0,"146":0,"147":0,"148":0,"149":0,"150":1,"151":0,"152":0,"153":0,"154":0,"155":0,"156":0,"157":1,"158":0,"159":0,"160":0,"161":0,"162":0,"163":0,"164":0,"165":0,"166":0,"167":0,"168":0,"169":0,"170":0,"171":0,"172":0,"173":0,"174":0,"175":0,"176":0,"177":0,"178":0,"179":0,"180":0,"181":0,"182":0,"183":0,"184":1,"185":0,"186":1,"187":1},"f":{"0":1,"1":1,"2":0,"3":0,"4":1,"5":1,"6":0,"7":0,"8":0,"9":0,"10":0,"11":0,"12":0,"13":0,"14":0,"15":0,"16":0,"17":0,"18":0,"19":0,"20":0,"21":0,"22":0,"23":0,"24":0,"25":0,"26":0,"27":0,"28":0,"29":0,"30":0,"31":0,"32":0,"33":0,"34":0,"35":0,"36":0,"37":0,"38":0,"39":0,"40":0},"b":{"0":[1,0],"1":[1,0],"2":[0,1],"3":[1,1],"4":[0,0],"5":[0,0],"6":[0,0],"7":[0,0],"8":[0,0],"9":[0,0],"10":[0,0],"11":[0,0],"12":[0,0],"13":[0,0],"14":[0,0],"15":[0,0],"16":[0,0],"17":[0,0],"18":[0,0,0],"19":[0,0],"20":[0,0],"21":[0,0,0],"22":[0,0],"23":[0,0],"24":[0,0],"25":[0,0],"26":[0,0],"27":[0,0],"28":[0,0],"29":[0,0],"30":[0,0],"31":[0,0,0],"32":[0,0],"33":[0,0,0,0,0,0,0],"34":[0,0],"35":[0,0],"36":[0,0],"37":[0,0],"38":[0,0],"39":[0,0]},"inputSourceMap":null,"_coverageSchema":"1a1c01bbd47fc00a2c39e90264f33305004495a9","hash":"d19bbb5c789ae4beb30a008979a1b35ce1c4273c"}
}
