{"/Users/emretoprak/Projects/pubsub-connector/dist/index.js": {"path":"/Users/emretoprak/Projects/pubsub-connector/dist/index.js","statementMap":{"0":{"start":{"line":3,"column":0},"end":{"line":3,"column":62}},"1":{"start":{"line":4,"column":16},"end":{"line":4,"column":39}},"2":{"start":{"line":5,"column":0},"end":{"line":7,"column":1}},"3":{"start":{"line":6,"column":4},"end":{"line":6,"column":33}},"4":{"start":{"line":8,"column":23},"end":{"line":286,"column":3}},"5":{"start":{"line":10,"column":8},"end":{"line":10,"column":32}},"6":{"start":{"line":11,"column":8},"end":{"line":11,"column":35}},"7":{"start":{"line":12,"column":8},"end":{"line":12,"column":29}},"8":{"start":{"line":13,"column":8},"end":{"line":13,"column":23}},"9":{"start":{"line":14,"column":8},"end":{"line":14,"column":31}},"10":{"start":{"line":16,"column":4},"end":{"line":18,"column":6}},"11":{"start":{"line":17,"column":8},"end":{"line":17,"column":27}},"12":{"start":{"line":19,"column":4},"end":{"line":64,"column":6}},"13":{"start":{"line":20,"column":20},"end":{"line":20,"column":24}},"14":{"start":{"line":21,"column":20},"end":{"line":21,"column":24}},"15":{"start":{"line":22,"column":8},"end":{"line":63,"column":11}},"16":{"start":{"line":23,"column":12},"end":{"line":33,"column":13}},"17":{"start":{"line":24,"column":29},"end":{"line":24,"column":61}},"18":{"start":{"line":25,"column":16},"end":{"line":25,"column":38}},"19":{"start":{"line":28,"column":16},"end":{"line":28,"column":32}},"20":{"start":{"line":29,"column":16},"end":{"line":31,"column":60}},"21":{"start":{"line":30,"column":20},"end":{"line":30,"column":36}},"22":{"start":{"line":32,"column":16},"end":{"line":32,"column":23}},"23":{"start":{"line":34,"column":12},"end":{"line":34,"column":34}},"24":{"start":{"line":35,"column":12},"end":{"line":62,"column":13}},"25":{"start":{"line":36,"column":16},"end":{"line":53,"column":18}},"26":{"start":{"line":37,"column":20},"end":{"line":40,"column":22}},"27":{"start":{"line":38,"column":24},"end":{"line":38,"column":65}},"28":{"start":{"line":39,"column":24},"end":{"line":39,"column":70}},"29":{"start":{"line":41,"column":20},"end":{"line":45,"column":22}},"30":{"start":{"line":42,"column":24},"end":{"line":44,"column":68}},"31":{"start":{"line":43,"column":28},"end":{"line":43,"column":44}},"32":{"start":{"line":46,"column":20},"end":{"line":48,"column":21}},"33":{"start":{"line":47,"column":24},"end":{"line":47,"column":108}},"34":{"start":{"line":49,"column":20},"end":{"line":51,"column":21}},"35":{"start":{"line":50,"column":24},"end":{"line":50,"column":44}},"36":{"start":{"line":52,"column":20},"end":{"line":52,"column":42}},"37":{"start":{"line":54,"column":16},"end":{"line":61,"column":18}},"38":{"start":{"line":55,"column":20},"end":{"line":59,"column":29}},"39":{"start":{"line":56,"column":24},"end":{"line":58,"column":25}},"40":{"start":{"line":57,"column":28},"end":{"line":57,"column":44}},"41":{"start":{"line":60,"column":20},"end":{"line":60,"column":32}},"42":{"start":{"line":65,"column":4},"end":{"line":67,"column":6}},"43":{"start":{"line":66,"column":8},"end":{"line":66,"column":28}},"44":{"start":{"line":68,"column":4},"end":{"line":75,"column":6}},"45":{"start":{"line":69,"column":8},"end":{"line":74,"column":9}},"46":{"start":{"line":70,"column":12},"end":{"line":70,"column":61}},"47":{"start":{"line":73,"column":12},"end":{"line":73,"column":25}},"48":{"start":{"line":76,"column":4},"end":{"line":80,"column":6}},"49":{"start":{"line":77,"column":8},"end":{"line":79,"column":9}},"50":{"start":{"line":78,"column":12},"end":{"line":78,"column":42}},"51":{"start":{"line":81,"column":4},"end":{"line":91,"column":6}},"52":{"start":{"line":82,"column":20},"end":{"line":82,"column":24}},"53":{"start":{"line":83,"column":8},"end":{"line":90,"column":9}},"54":{"start":{"line":84,"column":12},"end":{"line":84,"column":38}},"55":{"start":{"line":87,"column":12},"end":{"line":89,"column":20}},"56":{"start":{"line":88,"column":16},"end":{"line":88,"column":36}},"57":{"start":{"line":92,"column":4},"end":{"line":115,"column":6}},"58":{"start":{"line":93,"column":8},"end":{"line":114,"column":9}},"59":{"start":{"line":94,"column":12},"end":{"line":113,"column":16}},"60":{"start":{"line":116,"column":4},"end":{"line":123,"column":6}},"61":{"start":{"line":117,"column":20},"end":{"line":117,"column":24}},"62":{"start":{"line":118,"column":8},"end":{"line":122,"column":18}},"63":{"start":{"line":119,"column":12},"end":{"line":121,"column":16}},"64":{"start":{"line":124,"column":4},"end":{"line":144,"column":6}},"65":{"start":{"line":125,"column":8},"end":{"line":127,"column":9}},"66":{"start":{"line":126,"column":12},"end":{"line":126,"column":46}},"67":{"start":{"line":128,"column":8},"end":{"line":128,"column":36}},"68":{"start":{"line":129,"column":8},"end":{"line":129,"column":59}},"69":{"start":{"line":130,"column":8},"end":{"line":135,"column":12}},"70":{"start":{"line":136,"column":8},"end":{"line":141,"column":11}},"71":{"start":{"line":142,"column":8},"end":{"line":142,"column":69}},"72":{"start":{"line":143,"column":8},"end":{"line":143,"column":26}},"73":{"start":{"line":145,"column":4},"end":{"line":159,"column":6}},"74":{"start":{"line":146,"column":20},"end":{"line":146,"column":24}},"75":{"start":{"line":147,"column":8},"end":{"line":158,"column":11}},"76":{"start":{"line":148,"column":12},"end":{"line":157,"column":15}},"77":{"start":{"line":149,"column":16},"end":{"line":156,"column":17}},"78":{"start":{"line":152,"column":35},"end":{"line":152,"column":60}},"79":{"start":{"line":153,"column":20},"end":{"line":153,"column":36}},"80":{"start":{"line":154,"column":20},"end":{"line":154,"column":64}},"81":{"start":{"line":155,"column":20},"end":{"line":155,"column":45}},"82":{"start":{"line":160,"column":4},"end":{"line":167,"column":6}},"83":{"start":{"line":161,"column":8},"end":{"line":165,"column":9}},"84":{"start":{"line":164,"column":12},"end":{"line":164,"column":72}},"85":{"start":{"line":166,"column":8},"end":{"line":166,"column":20}},"86":{"start":{"line":168,"column":4},"end":{"line":186,"column":6}},"87":{"start":{"line":169,"column":20},"end":{"line":169,"column":24}},"88":{"start":{"line":170,"column":8},"end":{"line":185,"column":11}},"89":{"start":{"line":171,"column":12},"end":{"line":174,"column":13}},"90":{"start":{"line":172,"column":16},"end":{"line":172,"column":44}},"91":{"start":{"line":173,"column":16},"end":{"line":173,"column":53}},"92":{"start":{"line":175,"column":12},"end":{"line":175,"column":62}},"93":{"start":{"line":176,"column":12},"end":{"line":184,"column":15}},"94":{"start":{"line":177,"column":16},"end":{"line":183,"column":17}},"95":{"start":{"line":178,"column":20},"end":{"line":178,"column":51}},"96":{"start":{"line":179,"column":20},"end":{"line":179,"column":56}},"97":{"start":{"line":182,"column":20},"end":{"line":182,"column":90}},"98":{"start":{"line":187,"column":4},"end":{"line":197,"column":6}},"99":{"start":{"line":188,"column":20},"end":{"line":188,"column":24}},"100":{"start":{"line":189,"column":8},"end":{"line":196,"column":9}},"101":{"start":{"line":190,"column":12},"end":{"line":190,"column":36}},"102":{"start":{"line":191,"column":29},"end":{"line":191,"column":69}},"103":{"start":{"line":192,"column":12},"end":{"line":192,"column":39}},"104":{"start":{"line":193,"column":12},"end":{"line":195,"column":15}},"105":{"start":{"line":194,"column":16},"end":{"line":194,"column":65}},"106":{"start":{"line":198,"column":4},"end":{"line":231,"column":6}},"107":{"start":{"line":199,"column":20},"end":{"line":199,"column":24}},"108":{"start":{"line":200,"column":22},"end":{"line":200,"column":86}},"109":{"start":{"line":200,"column":64},"end":{"line":200,"column":83}},"110":{"start":{"line":201,"column":27},"end":{"line":201,"column":29}},"111":{"start":{"line":202,"column":26},"end":{"line":202,"column":28}},"112":{"start":{"line":203,"column":8},"end":{"line":222,"column":9}},"113":{"start":{"line":204,"column":12},"end":{"line":221,"column":15}},"114":{"start":{"line":205,"column":16},"end":{"line":220,"column":19}},"115":{"start":{"line":206,"column":20},"end":{"line":219,"column":21}},"116":{"start":{"line":207,"column":24},"end":{"line":218,"column":25}},"117":{"start":{"line":208,"column":28},"end":{"line":212,"column":29}},"118":{"start":{"line":209,"column":32},"end":{"line":209,"column":52}},"119":{"start":{"line":210,"column":32},"end":{"line":210,"column":53}},"120":{"start":{"line":211,"column":32},"end":{"line":211,"column":75}},"121":{"start":{"line":213,"column":28},"end":{"line":213,"column":64}},"122":{"start":{"line":216,"column":28},"end":{"line":217,"column":68}},"123":{"start":{"line":223,"column":8},"end":{"line":230,"column":9}},"124":{"start":{"line":224,"column":12},"end":{"line":229,"column":16}},"125":{"start":{"line":232,"column":4},"end":{"line":241,"column":6}},"126":{"start":{"line":233,"column":20},"end":{"line":233,"column":24}},"127":{"start":{"line":234,"column":8},"end":{"line":240,"column":9}},"128":{"start":{"line":235,"column":12},"end":{"line":239,"column":15}},"129":{"start":{"line":236,"column":16},"end":{"line":238,"column":17}},"130":{"start":{"line":237,"column":20},"end":{"line":237,"column":66}},"131":{"start":{"line":242,"column":4},"end":{"line":252,"column":6}},"132":{"start":{"line":243,"column":8},"end":{"line":251,"column":9}},"133":{"start":{"line":246,"column":12},"end":{"line":250,"column":13}},"134":{"start":{"line":246,"column":25},"end":{"line":246,"column":26}},"135":{"start":{"line":247,"column":31},"end":{"line":247,"column":121}},"136":{"start":{"line":248,"column":16},"end":{"line":249,"column":35}},"137":{"start":{"line":249,"column":20},"end":{"line":249,"column":35}},"138":{"start":{"line":253,"column":4},"end":{"line":284,"column":6}},"139":{"start":{"line":254,"column":8},"end":{"line":283,"column":9}},"140":{"start":{"line":256,"column":16},"end":{"line":256,"column":22}},"141":{"start":{"line":258,"column":16},"end":{"line":258,"column":22}},"142":{"start":{"line":260,"column":16},"end":{"line":260,"column":96}},"143":{"start":{"line":261,"column":16},"end":{"line":261,"column":22}},"144":{"start":{"line":263,"column":16},"end":{"line":266,"column":17}},"145":{"start":{"line":264,"column":20},"end":{"line":264,"column":81}},"146":{"start":{"line":265,"column":20},"end":{"line":265,"column":40}},"147":{"start":{"line":267,"column":16},"end":{"line":270,"column":17}},"148":{"start":{"line":268,"column":20},"end":{"line":268,"column":45}},"149":{"start":{"line":269,"column":20},"end":{"line":269,"column":39}},"150":{"start":{"line":271,"column":16},"end":{"line":273,"column":17}},"151":{"start":{"line":272,"column":20},"end":{"line":272,"column":64}},"152":{"start":{"line":274,"column":16},"end":{"line":274,"column":22}},"153":{"start":{"line":276,"column":16},"end":{"line":276,"column":39}},"154":{"start":{"line":277,"column":16},"end":{"line":277,"column":22}},"155":{"start":{"line":279,"column":16},"end":{"line":279,"column":22}},"156":{"start":{"line":281,"column":16},"end":{"line":281,"column":95}},"157":{"start":{"line":282,"column":16},"end":{"line":282,"column":22}},"158":{"start":{"line":285,"column":4},"end":{"line":285,"column":27}},"159":{"start":{"line":287,"column":0},"end":{"line":287,"column":34}}},"fnMap":{"0":{"name":"(anonymous_0)","decl":{"start":{"line":8,"column":23},"end":{"line":8,"column":24}},"loc":{"start":{"line":8,"column":35},"end":{"line":286,"column":1}},"line":8},"1":{"name":"PubsubConnector","decl":{"start":{"line":9,"column":13},"end":{"line":9,"column":28}},"loc":{"start":{"line":9,"column":38},"end":{"line":15,"column":5}},"line":9},"2":{"name":"(anonymous_2)","decl":{"start":{"line":16,"column":42},"end":{"line":16,"column":43}},"loc":{"start":{"line":16,"column":54},"end":{"line":18,"column":5}},"line":16},"3":{"name":"(anonymous_3)","decl":{"start":{"line":19,"column":40},"end":{"line":19,"column":41}},"loc":{"start":{"line":19,"column":52},"end":{"line":64,"column":5}},"line":19},"4":{"name":"(anonymous_4)","decl":{"start":{"line":22,"column":27},"end":{"line":22,"column":28}},"loc":{"start":{"line":22,"column":54},"end":{"line":63,"column":9}},"line":22},"5":{"name":"(anonymous_5)","decl":{"start":{"line":29,"column":27},"end":{"line":29,"column":28}},"loc":{"start":{"line":29,"column":39},"end":{"line":31,"column":17}},"line":29},"6":{"name":"(anonymous_6)","decl":{"start":{"line":36,"column":38},"end":{"line":36,"column":39}},"loc":{"start":{"line":36,"column":50},"end":{"line":53,"column":17}},"line":36},"7":{"name":"(anonymous_7)","decl":{"start":{"line":37,"column":45},"end":{"line":37,"column":46}},"loc":{"start":{"line":37,"column":60},"end":{"line":40,"column":21}},"line":37},"8":{"name":"(anonymous_8)","decl":{"start":{"line":41,"column":43},"end":{"line":41,"column":44}},"loc":{"start":{"line":41,"column":55},"end":{"line":45,"column":21}},"line":41},"9":{"name":"(anonymous_9)","decl":{"start":{"line":42,"column":35},"end":{"line":42,"column":36}},"loc":{"start":{"line":42,"column":47},"end":{"line":44,"column":25}},"line":42},"10":{"name":"(anonymous_10)","decl":{"start":{"line":54,"column":39},"end":{"line":54,"column":40}},"loc":{"start":{"line":54,"column":54},"end":{"line":61,"column":17}},"line":54},"11":{"name":"(anonymous_11)","decl":{"start":{"line":55,"column":31},"end":{"line":55,"column":32}},"loc":{"start":{"line":55,"column":43},"end":{"line":59,"column":21}},"line":55},"12":{"name":"(anonymous_12)","decl":{"start":{"line":65,"column":43},"end":{"line":65,"column":44}},"loc":{"start":{"line":65,"column":55},"end":{"line":67,"column":5}},"line":65},"13":{"name":"(anonymous_13)","decl":{"start":{"line":68,"column":46},"end":{"line":68,"column":47}},"loc":{"start":{"line":68,"column":58},"end":{"line":75,"column":5}},"line":68},"14":{"name":"(anonymous_14)","decl":{"start":{"line":76,"column":53},"end":{"line":76,"column":54}},"loc":{"start":{"line":76,"column":67},"end":{"line":80,"column":5}},"line":76},"15":{"name":"(anonymous_15)","decl":{"start":{"line":81,"column":37},"end":{"line":81,"column":38}},"loc":{"start":{"line":81,"column":56},"end":{"line":91,"column":5}},"line":81},"16":{"name":"(anonymous_16)","decl":{"start":{"line":87,"column":23},"end":{"line":87,"column":24}},"loc":{"start":{"line":87,"column":35},"end":{"line":89,"column":13}},"line":87},"17":{"name":"(anonymous_17)","decl":{"start":{"line":92,"column":38},"end":{"line":92,"column":39}},"loc":{"start":{"line":92,"column":78},"end":{"line":115,"column":5}},"line":92},"18":{"name":"(anonymous_18)","decl":{"start":{"line":116,"column":50},"end":{"line":116,"column":51}},"loc":{"start":{"line":116,"column":62},"end":{"line":123,"column":5}},"line":116},"19":{"name":"(anonymous_19)","decl":{"start":{"line":118,"column":20},"end":{"line":118,"column":21}},"loc":{"start":{"line":118,"column":32},"end":{"line":122,"column":9}},"line":118},"20":{"name":"(anonymous_20)","decl":{"start":{"line":124,"column":42},"end":{"line":124,"column":43}},"loc":{"start":{"line":124,"column":79},"end":{"line":144,"column":5}},"line":124},"21":{"name":"(anonymous_21)","decl":{"start":{"line":145,"column":61},"end":{"line":145,"column":62}},"loc":{"start":{"line":145,"column":88},"end":{"line":159,"column":5}},"line":145},"22":{"name":"(anonymous_22)","decl":{"start":{"line":147,"column":24},"end":{"line":147,"column":25}},"loc":{"start":{"line":147,"column":37},"end":{"line":158,"column":9}},"line":147},"23":{"name":"(anonymous_23)","decl":{"start":{"line":148,"column":27},"end":{"line":148,"column":28}},"loc":{"start":{"line":148,"column":40},"end":{"line":157,"column":13}},"line":148},"24":{"name":"(anonymous_24)","decl":{"start":{"line":160,"column":54},"end":{"line":160,"column":55}},"loc":{"start":{"line":160,"column":94},"end":{"line":167,"column":5}},"line":160},"25":{"name":"(anonymous_25)","decl":{"start":{"line":168,"column":49},"end":{"line":168,"column":50}},"loc":{"start":{"line":168,"column":93},"end":{"line":186,"column":5}},"line":168},"26":{"name":"(anonymous_26)","decl":{"start":{"line":170,"column":24},"end":{"line":170,"column":25}},"loc":{"start":{"line":170,"column":37},"end":{"line":185,"column":9}},"line":170},"27":{"name":"(anonymous_27)","decl":{"start":{"line":176,"column":27},"end":{"line":176,"column":28}},"loc":{"start":{"line":176,"column":40},"end":{"line":184,"column":13}},"line":176},"28":{"name":"(anonymous_28)","decl":{"start":{"line":187,"column":44},"end":{"line":187,"column":45}},"loc":{"start":{"line":187,"column":56},"end":{"line":197,"column":5}},"line":187},"29":{"name":"(anonymous_29)","decl":{"start":{"line":193,"column":31},"end":{"line":193,"column":32}},"loc":{"start":{"line":193,"column":44},"end":{"line":195,"column":13}},"line":193},"30":{"name":"(anonymous_30)","decl":{"start":{"line":198,"column":44},"end":{"line":198,"column":45}},"loc":{"start":{"line":198,"column":58},"end":{"line":231,"column":5}},"line":198},"31":{"name":"(anonymous_31)","decl":{"start":{"line":200,"column":49},"end":{"line":200,"column":50}},"loc":{"start":{"line":200,"column":62},"end":{"line":200,"column":85}},"line":200},"32":{"name":"(anonymous_32)","decl":{"start":{"line":204,"column":36},"end":{"line":204,"column":37}},"loc":{"start":{"line":204,"column":49},"end":{"line":221,"column":13}},"line":204},"33":{"name":"(anonymous_33)","decl":{"start":{"line":205,"column":39},"end":{"line":205,"column":40}},"loc":{"start":{"line":205,"column":52},"end":{"line":220,"column":17}},"line":205},"34":{"name":"(anonymous_34)","decl":{"start":{"line":232,"column":50},"end":{"line":232,"column":51}},"loc":{"start":{"line":232,"column":66},"end":{"line":241,"column":5}},"line":232},"35":{"name":"(anonymous_35)","decl":{"start":{"line":235,"column":38},"end":{"line":235,"column":39}},"loc":{"start":{"line":235,"column":51},"end":{"line":239,"column":13}},"line":235},"36":{"name":"(anonymous_36)","decl":{"start":{"line":242,"column":41},"end":{"line":242,"column":42}},"loc":{"start":{"line":242,"column":57},"end":{"line":252,"column":5}},"line":242},"37":{"name":"(anonymous_37)","decl":{"start":{"line":253,"column":45},"end":{"line":253,"column":46}},"loc":{"start":{"line":253,"column":64},"end":{"line":284,"column":5}},"line":253}},"branchMap":{"0":{"loc":{"start":{"line":5,"column":0},"end":{"line":7,"column":1}},"type":"if","locations":[{"start":{"line":5,"column":0},"end":{"line":7,"column":1}},{"start":{},"end":{}}],"line":5},"1":{"loc":{"start":{"line":31,"column":19},"end":{"line":31,"column":58}},"type":"binary-expr","locations":[{"start":{"line":31,"column":19},"end":{"line":31,"column":50}},{"start":{"line":31,"column":54},"end":{"line":31,"column":58}}],"line":31},"2":{"loc":{"start":{"line":35,"column":12},"end":{"line":62,"column":13}},"type":"if","locations":[{"start":{"line":35,"column":12},"end":{"line":62,"column":13}},{"start":{},"end":{}}],"line":35},"3":{"loc":{"start":{"line":44,"column":27},"end":{"line":44,"column":66}},"type":"binary-expr","locations":[{"start":{"line":44,"column":27},"end":{"line":44,"column":58}},{"start":{"line":44,"column":62},"end":{"line":44,"column":66}}],"line":44},"4":{"loc":{"start":{"line":46,"column":20},"end":{"line":48,"column":21}},"type":"if","locations":[{"start":{"line":46,"column":20},"end":{"line":48,"column":21}},{"start":{},"end":{}}],"line":46},"5":{"loc":{"start":{"line":49,"column":20},"end":{"line":51,"column":21}},"type":"if","locations":[{"start":{"line":49,"column":20},"end":{"line":51,"column":21}},{"start":{},"end":{}}],"line":49},"6":{"loc":{"start":{"line":56,"column":24},"end":{"line":58,"column":25}},"type":"if","locations":[{"start":{"line":56,"column":24},"end":{"line":58,"column":25}},{"start":{},"end":{}}],"line":56},"7":{"loc":{"start":{"line":69,"column":8},"end":{"line":74,"column":9}},"type":"if","locations":[{"start":{"line":69,"column":8},"end":{"line":74,"column":9}},{"start":{"line":72,"column":13},"end":{"line":74,"column":9}}],"line":69},"8":{"loc":{"start":{"line":77,"column":8},"end":{"line":79,"column":9}},"type":"if","locations":[{"start":{"line":77,"column":8},"end":{"line":79,"column":9}},{"start":{},"end":{}}],"line":77},"9":{"loc":{"start":{"line":83,"column":8},"end":{"line":90,"column":9}},"type":"if","locations":[{"start":{"line":83,"column":8},"end":{"line":90,"column":9}},{"start":{"line":86,"column":13},"end":{"line":90,"column":9}}],"line":83},"10":{"loc":{"start":{"line":93,"column":8},"end":{"line":114,"column":9}},"type":"if","locations":[{"start":{"line":93,"column":8},"end":{"line":114,"column":9}},{"start":{},"end":{}}],"line":93},"11":{"loc":{"start":{"line":102,"column":33},"end":{"line":102,"column":72}},"type":"cond-expr","locations":[{"start":{"line":102,"column":42},"end":{"line":102,"column":67}},{"start":{"line":102,"column":70},"end":{"line":102,"column":72}}],"line":102},"12":{"loc":{"start":{"line":103,"column":36},"end":{"line":103,"column":74}},"type":"cond-expr","locations":[{"start":{"line":103,"column":45},"end":{"line":103,"column":69}},{"start":{"line":103,"column":72},"end":{"line":103,"column":74}}],"line":103},"13":{"loc":{"start":{"line":107,"column":38},"end":{"line":107,"column":69}},"type":"cond-expr","locations":[{"start":{"line":107,"column":49},"end":{"line":107,"column":64}},{"start":{"line":107,"column":67},"end":{"line":107,"column":69}}],"line":107},"14":{"loc":{"start":{"line":108,"column":35},"end":{"line":108,"column":64}},"type":"cond-expr","locations":[{"start":{"line":108,"column":46},"end":{"line":108,"column":59}},{"start":{"line":108,"column":62},"end":{"line":108,"column":64}}],"line":108},"15":{"loc":{"start":{"line":109,"column":39},"end":{"line":109,"column":78}},"type":"cond-expr","locations":[{"start":{"line":109,"column":48},"end":{"line":109,"column":73}},{"start":{"line":109,"column":76},"end":{"line":109,"column":78}}],"line":109},"16":{"loc":{"start":{"line":110,"column":40},"end":{"line":110,"column":81}},"type":"cond-expr","locations":[{"start":{"line":110,"column":49},"end":{"line":110,"column":76}},{"start":{"line":110,"column":79},"end":{"line":110,"column":81}}],"line":110},"17":{"loc":{"start":{"line":125,"column":8},"end":{"line":127,"column":9}},"type":"if","locations":[{"start":{"line":125,"column":8},"end":{"line":127,"column":9}},{"start":{},"end":{}}],"line":125},"18":{"loc":{"start":{"line":149,"column":16},"end":{"line":156,"column":17}},"type":"if","locations":[{"start":{"line":149,"column":16},"end":{"line":156,"column":17}},{"start":{},"end":{}}],"line":149},"19":{"loc":{"start":{"line":149,"column":20},"end":{"line":151,"column":49}},"type":"binary-expr","locations":[{"start":{"line":149,"column":20},"end":{"line":149,"column":42}},{"start":{"line":150,"column":20},"end":{"line":150,"column":45}},{"start":{"line":151,"column":20},"end":{"line":151,"column":49}}],"line":149},"20":{"loc":{"start":{"line":161,"column":8},"end":{"line":165,"column":9}},"type":"if","locations":[{"start":{"line":161,"column":8},"end":{"line":165,"column":9}},{"start":{},"end":{}}],"line":161},"21":{"loc":{"start":{"line":161,"column":12},"end":{"line":163,"column":64}},"type":"binary-expr","locations":[{"start":{"line":161,"column":12},"end":{"line":161,"column":44}},{"start":{"line":162,"column":12},"end":{"line":162,"column":60}},{"start":{"line":163,"column":12},"end":{"line":163,"column":64}}],"line":161},"22":{"loc":{"start":{"line":171,"column":12},"end":{"line":174,"column":13}},"type":"if","locations":[{"start":{"line":171,"column":12},"end":{"line":174,"column":13}},{"start":{},"end":{}}],"line":171},"23":{"loc":{"start":{"line":177,"column":16},"end":{"line":183,"column":17}},"type":"if","locations":[{"start":{"line":177,"column":16},"end":{"line":183,"column":17}},{"start":{"line":181,"column":21},"end":{"line":183,"column":17}}],"line":177},"24":{"loc":{"start":{"line":189,"column":8},"end":{"line":196,"column":9}},"type":"if","locations":[{"start":{"line":189,"column":8},"end":{"line":196,"column":9}},{"start":{},"end":{}}],"line":189},"25":{"loc":{"start":{"line":203,"column":8},"end":{"line":222,"column":9}},"type":"if","locations":[{"start":{"line":203,"column":8},"end":{"line":222,"column":9}},{"start":{},"end":{}}],"line":203},"26":{"loc":{"start":{"line":206,"column":20},"end":{"line":219,"column":21}},"type":"if","locations":[{"start":{"line":206,"column":20},"end":{"line":219,"column":21}},{"start":{},"end":{}}],"line":206},"27":{"loc":{"start":{"line":207,"column":24},"end":{"line":218,"column":25}},"type":"if","locations":[{"start":{"line":207,"column":24},"end":{"line":218,"column":25}},{"start":{"line":215,"column":29},"end":{"line":218,"column":25}}],"line":207},"28":{"loc":{"start":{"line":208,"column":28},"end":{"line":212,"column":29}},"type":"if","locations":[{"start":{"line":208,"column":28},"end":{"line":212,"column":29}},{"start":{},"end":{}}],"line":208},"29":{"loc":{"start":{"line":223,"column":8},"end":{"line":230,"column":9}},"type":"if","locations":[{"start":{"line":223,"column":8},"end":{"line":230,"column":9}},{"start":{},"end":{}}],"line":223},"30":{"loc":{"start":{"line":223,"column":12},"end":{"line":223,"column":61}},"type":"binary-expr","locations":[{"start":{"line":223,"column":12},"end":{"line":223,"column":35}},{"start":{"line":223,"column":39},"end":{"line":223,"column":61}}],"line":223},"31":{"loc":{"start":{"line":234,"column":8},"end":{"line":240,"column":9}},"type":"if","locations":[{"start":{"line":234,"column":8},"end":{"line":240,"column":9}},{"start":{},"end":{}}],"line":234},"32":{"loc":{"start":{"line":236,"column":16},"end":{"line":238,"column":17}},"type":"if","locations":[{"start":{"line":236,"column":16},"end":{"line":238,"column":17}},{"start":{},"end":{}}],"line":236},"33":{"loc":{"start":{"line":243,"column":8},"end":{"line":251,"column":9}},"type":"if","locations":[{"start":{"line":243,"column":8},"end":{"line":251,"column":9}},{"start":{},"end":{}}],"line":243},"34":{"loc":{"start":{"line":243,"column":12},"end":{"line":245,"column":48}},"type":"binary-expr","locations":[{"start":{"line":243,"column":12},"end":{"line":243,"column":39}},{"start":{"line":244,"column":12},"end":{"line":244,"column":48}},{"start":{"line":245,"column":12},"end":{"line":245,"column":48}}],"line":243},"35":{"loc":{"start":{"line":248,"column":16},"end":{"line":249,"column":35}},"type":"if","locations":[{"start":{"line":248,"column":16},"end":{"line":249,"column":35}},{"start":{},"end":{}}],"line":248},"36":{"loc":{"start":{"line":254,"column":8},"end":{"line":283,"column":9}},"type":"switch","locations":[{"start":{"line":255,"column":12},"end":{"line":256,"column":22}},{"start":{"line":257,"column":12},"end":{"line":258,"column":22}},{"start":{"line":259,"column":12},"end":{"line":261,"column":22}},{"start":{"line":262,"column":12},"end":{"line":274,"column":22}},{"start":{"line":275,"column":12},"end":{"line":277,"column":22}},{"start":{"line":278,"column":12},"end":{"line":279,"column":22}},{"start":{"line":280,"column":12},"end":{"line":282,"column":22}}],"line":254},"37":{"loc":{"start":{"line":263,"column":16},"end":{"line":266,"column":17}},"type":"if","locations":[{"start":{"line":263,"column":16},"end":{"line":266,"column":17}},{"start":{},"end":{}}],"line":263},"38":{"loc":{"start":{"line":267,"column":16},"end":{"line":270,"column":17}},"type":"if","locations":[{"start":{"line":267,"column":16},"end":{"line":270,"column":17}},{"start":{},"end":{}}],"line":267},"39":{"loc":{"start":{"line":271,"column":16},"end":{"line":273,"column":17}},"type":"if","locations":[{"start":{"line":271,"column":16},"end":{"line":273,"column":17}},{"start":{},"end":{}}],"line":271}},"s":{"0":1,"1":1,"2":1,"3":0,"4":1,"5":1,"6":1,"7":1,"8":1,"9":1,"10":1,"11":0,"12":1,"13":1,"14":1,"15":1,"16":1,"17":1,"18":1,"19":0,"20":0,"21":0,"22":0,"23":1,"24":1,"25":1,"26":0,"27":0,"28":0,"29":0,"30":0,"31":0,"32":0,"33":0,"34":0,"35":0,"36":0,"37":1,"38":1,"39":0,"40":0,"41":1,"42":1,"43":1,"44":1,"45":1,"46":1,"47":0,"48":1,"49":1,"50":1,"51":1,"52":1,"53":1,"54":0,"55":1,"56":0,"57":1,"58":0,"59":0,"60":1,"61":0,"62":0,"63":0,"64":1,"65":1,"66":0,"67":1,"68":1,"69":1,"70":1,"71":1,"72":1,"73":1,"74":1,"75":1,"76":1,"77":1,"78":0,"79":0,"80":0,"81":0,"82":1,"83":0,"84":0,"85":0,"86":1,"87":1,"88":1,"89":1,"90":1,"91":1,"92":1,"93":1,"94":1,"95":1,"96":1,"97":0,"98":1,"99":0,"100":0,"101":0,"102":0,"103":0,"104":0,"105":0,"106":1,"107":0,"108":0,"109":0,"110":0,"111":0,"112":0,"113":0,"114":0,"115":0,"116":0,"117":0,"118":0,"119":0,"120":0,"121":0,"122":0,"123":0,"124":0,"125":1,"126":0,"127":0,"128":0,"129":0,"130":0,"131":1,"132":0,"133":0,"134":0,"135":0,"136":0,"137":0,"138":1,"139":0,"140":0,"141":0,"142":0,"143":0,"144":0,"145":0,"146":0,"147":0,"148":0,"149":0,"150":0,"151":0,"152":0,"153":0,"154":0,"155":0,"156":0,"157":0,"158":1,"159":1},"f":{"0":1,"1":1,"2":0,"3":1,"4":1,"5":0,"6":0,"7":0,"8":0,"9":0,"10":1,"11":0,"12":1,"13":1,"14":1,"15":1,"16":0,"17":0,"18":0,"19":0,"20":1,"21":1,"22":1,"23":1,"24":0,"25":1,"26":1,"27":1,"28":0,"29":0,"30":0,"31":0,"32":0,"33":0,"34":0,"35":0,"36":0,"37":0},"b":{"0":[0,1],"1":[0,0],"2":[1,0],"3":[0,0],"4":[0,0],"5":[0,0],"6":[0,0],"7":[1,0],"8":[1,0],"9":[0,1],"10":[0,0],"11":[0,0],"12":[0,0],"13":[0,0],"14":[0,0],"15":[0,0],"16":[0,0],"17":[0,1],"18":[0,1],"19":[1,0,0],"20":[0,0],"21":[0,0,0],"22":[1,0],"23":[1,0],"24":[0,0],"25":[0,0],"26":[0,0],"27":[0,0],"28":[0,0],"29":[0,0],"30":[0,0],"31":[0,0],"32":[0,0],"33":[0,0],"34":[0,0,0],"35":[0,0],"36":[0,0,0,0,0,0,0],"37":[0,0],"38":[0,0],"39":[0,0]},"inputSourceMap":null,"_coverageSchema":"1a1c01bbd47fc00a2c39e90264f33305004495a9","hash":"65245b9c68c803f9a37826c18af631788b3cc5ad"}
}
