TN:
SF:dist/index.js
FN:8,(anonymous_0)
FN:9,default_1
FN:11,(anonymous_2)
FN:14,(anonymous_3)
FN:25,(anonymous_4)
FN:26,(anonymous_5)
FN:30,(anonymous_6)
FN:31,(anonymous_7)
FN:43,(anonymous_8)
FN:44,(anonymous_9)
FN:54,(anonymous_10)
FN:62,(anonymous_11)
FN:67,(anonymous_12)
FN:73,(anonymous_13)
FN:78,(anonymous_14)
FN:102,(anonymous_15)
FN:104,(anonymous_16)
FN:110,(anonymous_17)
FN:131,(anonymous_18)
FN:133,(anonymous_19)
FN:134,(anonymous_20)
FN:148,(anonymous_21)
FN:156,(anonymous_22)
FN:158,(anonymous_23)
FN:164,(anonymous_24)
FN:175,(anonymous_25)
FN:181,(anonymous_26)
FN:186,(anonymous_27)
FN:188,(anonymous_28)
FN:192,(anonymous_29)
FN:193,(anonymous_30)
FN:220,(anonymous_31)
FN:223,(anonymous_32)
FN:230,(anonymous_33)
FN:241,(anonymous_34)
FNF:35
FNH:4
FNDA:1,(anonymous_0)
FNDA:0,default_1
FNDA:1,(anonymous_2)
FNDA:1,(anonymous_3)
FNDA:0,(anonymous_4)
FNDA:0,(anonymous_5)
FNDA:0,(anonymous_6)
FNDA:0,(anonymous_7)
FNDA:1,(anonymous_8)
FNDA:0,(anonymous_9)
FNDA:0,(anonymous_10)
FNDA:0,(anonymous_11)
FNDA:0,(anonymous_12)
FNDA:0,(anonymous_13)
FNDA:0,(anonymous_14)
FNDA:0,(anonymous_15)
FNDA:0,(anonymous_16)
FNDA:0,(anonymous_17)
FNDA:0,(anonymous_18)
FNDA:0,(anonymous_19)
FNDA:0,(anonymous_20)
FNDA:0,(anonymous_21)
FNDA:0,(anonymous_22)
FNDA:0,(anonymous_23)
FNDA:0,(anonymous_24)
FNDA:0,(anonymous_25)
FNDA:0,(anonymous_26)
FNDA:0,(anonymous_27)
FNDA:0,(anonymous_28)
FNDA:0,(anonymous_29)
FNDA:0,(anonymous_30)
FNDA:0,(anonymous_31)
FNDA:0,(anonymous_32)
FNDA:0,(anonymous_33)
FNDA:0,(anonymous_34)
DA:3,1
DA:4,1
DA:5,1
DA:6,0
DA:8,1
DA:11,1
DA:12,1
DA:13,1
DA:14,1
DA:15,1
DA:16,1
DA:17,1
DA:18,1
DA:21,0
DA:23,1
DA:24,1
DA:25,1
DA:26,0
DA:27,0
DA:28,0
DA:30,0
DA:31,0
DA:32,0
DA:35,0
DA:36,0
DA:38,0
DA:39,0
DA:41,0
DA:43,1
DA:44,1
DA:45,0
DA:46,0
DA:49,1
DA:54,1
DA:55,0
DA:56,0
DA:59,0
DA:62,1
DA:63,0
DA:64,0
DA:67,1
DA:68,0
DA:69,0
DA:70,0
DA:73,0
DA:74,0
DA:78,1
DA:79,0
DA:80,0
DA:102,1
DA:103,0
DA:104,0
DA:105,0
DA:110,1
DA:111,0
DA:112,0
DA:114,0
DA:115,0
DA:116,0
DA:122,0
DA:128,0
DA:129,0
DA:131,1
DA:132,0
DA:133,0
DA:134,0
DA:135,0
DA:136,0
DA:137,0
DA:138,0
DA:139,0
DA:140,0
DA:141,0
DA:148,1
DA:149,0
DA:152,0
DA:154,0
DA:156,1
DA:157,0
DA:158,0
DA:159,0
DA:160,0
DA:161,0
DA:163,0
DA:164,0
DA:165,0
DA:166,0
DA:167,0
DA:170,0
DA:175,1
DA:176,0
DA:177,0
DA:178,0
DA:179,0
DA:180,0
DA:181,0
DA:182,0
DA:186,1
DA:187,0
DA:188,0
DA:189,0
DA:190,0
DA:191,0
DA:192,0
DA:193,0
DA:194,0
DA:195,0
DA:196,0
DA:197,0
DA:198,0
DA:199,0
DA:201,0
DA:204,0
DA:211,0
DA:212,0
DA:220,1
DA:221,0
DA:222,0
DA:223,0
DA:224,0
DA:225,0
DA:230,1
DA:231,0
DA:234,0
DA:235,0
DA:236,0
DA:237,0
DA:241,1
DA:242,0
DA:244,0
DA:246,0
DA:248,0
DA:249,0
DA:251,0
DA:252,0
DA:253,0
DA:255,0
DA:256,0
DA:257,0
DA:259,0
DA:260,0
DA:262,0
DA:264,0
DA:265,0
DA:267,0
DA:269,0
DA:270,0
DA:273,1
DA:274,1
DA:275,1
DA:276,1
DA:277,1
DA:279,1
LF:153
LH:38
BRDA:5,0,0,0
BRDA:5,0,1,1
BRDA:24,1,0,1
BRDA:24,1,1,0
BRDA:33,2,0,0
BRDA:33,2,1,0
BRDA:35,3,0,0
BRDA:35,3,1,0
BRDA:38,4,0,0
BRDA:38,4,1,0
BRDA:45,5,0,0
BRDA:45,5,1,0
BRDA:55,6,0,0
BRDA:55,6,1,0
BRDA:63,7,0,0
BRDA:63,7,1,0
BRDA:69,8,0,0
BRDA:69,8,1,0
BRDA:79,9,0,0
BRDA:79,9,1,0
BRDA:88,10,0,0
BRDA:88,10,1,0
BRDA:89,11,0,0
BRDA:89,11,1,0
BRDA:93,12,0,0
BRDA:93,12,1,0
BRDA:94,13,0,0
BRDA:94,13,1,0
BRDA:95,14,0,0
BRDA:95,14,1,0
BRDA:96,15,0,0
BRDA:96,15,1,0
BRDA:111,16,0,0
BRDA:111,16,1,0
BRDA:135,17,0,0
BRDA:135,17,1,0
BRDA:136,18,0,0
BRDA:136,18,1,0
BRDA:137,19,0,0
BRDA:137,19,1,0
BRDA:149,20,0,0
BRDA:149,20,1,0
BRDA:149,21,0,0
BRDA:149,21,1,0
BRDA:149,21,2,0
BRDA:159,22,0,0
BRDA:159,22,1,0
BRDA:165,23,0,0
BRDA:165,23,1,0
BRDA:177,24,0,0
BRDA:177,24,1,0
BRDA:191,25,0,0
BRDA:191,25,1,0
BRDA:194,26,0,0
BRDA:194,26,1,0
BRDA:195,27,0,0
BRDA:195,27,1,0
BRDA:196,28,0,0
BRDA:196,28,1,0
BRDA:211,29,0,0
BRDA:211,29,1,0
BRDA:211,30,0,0
BRDA:211,30,1,0
BRDA:222,31,0,0
BRDA:222,31,1,0
BRDA:224,32,0,0
BRDA:224,32,1,0
BRDA:231,33,0,0
BRDA:231,33,1,0
BRDA:231,34,0,0
BRDA:231,34,1,0
BRDA:231,34,2,0
BRDA:236,35,0,0
BRDA:236,35,1,0
BRDA:242,36,0,0
BRDA:242,36,1,0
BRDA:242,36,2,0
BRDA:242,36,3,0
BRDA:242,36,4,0
BRDA:242,36,5,0
BRDA:242,36,6,0
BRDA:251,37,0,0
BRDA:251,37,1,0
BRDA:255,38,0,0
BRDA:255,38,1,0
BRDA:259,39,0,0
BRDA:259,39,1,0
BRF:87
BRH:2
end_of_record
