TN:
SF:dist/index.js
FN:8,(anonymous_0)
FN:9,PubsubConnector
FN:16,(anonymous_2)
FN:19,(anonymous_3)
FN:22,(anonymous_4)
FN:29,(anonymous_5)
FN:36,(anonymous_6)
FN:37,(anonymous_7)
FN:41,(anonymous_8)
FN:42,(anonymous_9)
FN:54,(anonymous_10)
FN:55,(anonymous_11)
FN:65,(anonymous_12)
FN:68,(anonymous_13)
FN:76,(anonymous_14)
FN:81,(anonymous_15)
FN:87,(anonymous_16)
FN:92,(anonymous_17)
FN:116,(anonymous_18)
FN:118,(anonymous_19)
FN:124,(anonymous_20)
FN:145,(anonymous_21)
FN:147,(anonymous_22)
FN:148,(anonymous_23)
FN:160,(anonymous_24)
FN:168,(anonymous_25)
FN:170,(anonymous_26)
FN:176,(anonymous_27)
FN:187,(anonymous_28)
FN:193,(anonymous_29)
FN:198,(anonymous_30)
FN:200,(anonymous_31)
FN:204,(anonymous_32)
FN:205,(anonymous_33)
FN:232,(anonymous_34)
FN:235,(anonymous_35)
FN:242,(anonymous_36)
FN:253,(anonymous_37)
FNF:38
FNH:16
FNDA:1,(anonymous_0)
FNDA:1,PubsubConnector
FNDA:0,(anonymous_2)
FNDA:1,(anonymous_3)
FNDA:1,(anonymous_4)
FNDA:0,(anonymous_5)
FNDA:0,(anonymous_6)
FNDA:0,(anonymous_7)
FNDA:0,(anonymous_8)
FNDA:0,(anonymous_9)
FNDA:1,(anonymous_10)
FNDA:0,(anonymous_11)
FNDA:1,(anonymous_12)
FNDA:1,(anonymous_13)
FNDA:1,(anonymous_14)
FNDA:1,(anonymous_15)
FNDA:0,(anonymous_16)
FNDA:0,(anonymous_17)
FNDA:0,(anonymous_18)
FNDA:0,(anonymous_19)
FNDA:1,(anonymous_20)
FNDA:1,(anonymous_21)
FNDA:1,(anonymous_22)
FNDA:1,(anonymous_23)
FNDA:0,(anonymous_24)
FNDA:1,(anonymous_25)
FNDA:1,(anonymous_26)
FNDA:1,(anonymous_27)
FNDA:0,(anonymous_28)
FNDA:0,(anonymous_29)
FNDA:0,(anonymous_30)
FNDA:0,(anonymous_31)
FNDA:0,(anonymous_32)
FNDA:0,(anonymous_33)
FNDA:0,(anonymous_34)
FNDA:0,(anonymous_35)
FNDA:0,(anonymous_36)
FNDA:0,(anonymous_37)
DA:3,1
DA:4,1
DA:5,1
DA:6,0
DA:8,1
DA:10,1
DA:11,1
DA:12,1
DA:13,1
DA:14,1
DA:16,1
DA:17,0
DA:19,1
DA:20,1
DA:21,1
DA:22,1
DA:23,1
DA:24,1
DA:25,1
DA:28,0
DA:29,0
DA:30,0
DA:32,0
DA:34,1
DA:35,1
DA:36,1
DA:37,0
DA:38,0
DA:39,0
DA:41,0
DA:42,0
DA:43,0
DA:46,0
DA:47,0
DA:49,0
DA:50,0
DA:52,0
DA:54,1
DA:55,1
DA:56,0
DA:57,0
DA:60,1
DA:65,1
DA:66,1
DA:68,1
DA:69,1
DA:70,1
DA:73,0
DA:76,1
DA:77,1
DA:78,1
DA:81,1
DA:82,1
DA:83,1
DA:84,0
DA:87,1
DA:88,0
DA:92,1
DA:93,0
DA:94,0
DA:116,1
DA:117,0
DA:118,0
DA:119,0
DA:124,1
DA:125,1
DA:126,0
DA:128,1
DA:129,1
DA:130,1
DA:136,1
DA:142,1
DA:143,1
DA:145,1
DA:146,1
DA:147,1
DA:148,1
DA:149,1
DA:152,0
DA:153,0
DA:154,0
DA:155,0
DA:160,1
DA:161,0
DA:164,0
DA:166,0
DA:168,1
DA:169,1
DA:170,1
DA:171,1
DA:172,1
DA:173,1
DA:175,1
DA:176,1
DA:177,1
DA:178,1
DA:179,1
DA:182,0
DA:187,1
DA:188,0
DA:189,0
DA:190,0
DA:191,0
DA:192,0
DA:193,0
DA:194,0
DA:198,1
DA:199,0
DA:200,0
DA:201,0
DA:202,0
DA:203,0
DA:204,0
DA:205,0
DA:206,0
DA:207,0
DA:208,0
DA:209,0
DA:210,0
DA:211,0
DA:213,0
DA:216,0
DA:223,0
DA:224,0
DA:232,1
DA:233,0
DA:234,0
DA:235,0
DA:236,0
DA:237,0
DA:242,1
DA:243,0
DA:246,0
DA:247,0
DA:248,0
DA:249,0
DA:253,1
DA:254,0
DA:256,0
DA:258,0
DA:260,0
DA:261,0
DA:263,0
DA:264,0
DA:265,0
DA:267,0
DA:268,0
DA:269,0
DA:271,0
DA:272,0
DA:274,0
DA:276,0
DA:277,0
DA:279,0
DA:281,0
DA:282,0
DA:285,1
DA:287,1
LF:158
LH:69
BRDA:5,0,0,0
BRDA:5,0,1,1
BRDA:31,1,0,0
BRDA:31,1,1,0
BRDA:35,2,0,1
BRDA:35,2,1,0
BRDA:44,3,0,0
BRDA:44,3,1,0
BRDA:46,4,0,0
BRDA:46,4,1,0
BRDA:49,5,0,0
BRDA:49,5,1,0
BRDA:56,6,0,0
BRDA:56,6,1,0
BRDA:69,7,0,1
BRDA:69,7,1,0
BRDA:77,8,0,1
BRDA:77,8,1,0
BRDA:83,9,0,0
BRDA:83,9,1,1
BRDA:93,10,0,0
BRDA:93,10,1,0
BRDA:102,11,0,0
BRDA:102,11,1,0
BRDA:103,12,0,0
BRDA:103,12,1,0
BRDA:107,13,0,0
BRDA:107,13,1,0
BRDA:108,14,0,0
BRDA:108,14,1,0
BRDA:109,15,0,0
BRDA:109,15,1,0
BRDA:110,16,0,0
BRDA:110,16,1,0
BRDA:125,17,0,0
BRDA:125,17,1,1
BRDA:149,18,0,0
BRDA:149,18,1,1
BRDA:149,19,0,1
BRDA:149,19,1,0
BRDA:149,19,2,0
BRDA:161,20,0,0
BRDA:161,20,1,0
BRDA:161,21,0,0
BRDA:161,21,1,0
BRDA:161,21,2,0
BRDA:171,22,0,1
BRDA:171,22,1,0
BRDA:177,23,0,1
BRDA:177,23,1,0
BRDA:189,24,0,0
BRDA:189,24,1,0
BRDA:203,25,0,0
BRDA:203,25,1,0
BRDA:206,26,0,0
BRDA:206,26,1,0
BRDA:207,27,0,0
BRDA:207,27,1,0
BRDA:208,28,0,0
BRDA:208,28,1,0
BRDA:223,29,0,0
BRDA:223,29,1,0
BRDA:223,30,0,0
BRDA:223,30,1,0
BRDA:234,31,0,0
BRDA:234,31,1,0
BRDA:236,32,0,0
BRDA:236,32,1,0
BRDA:243,33,0,0
BRDA:243,33,1,0
BRDA:243,34,0,0
BRDA:243,34,1,0
BRDA:243,34,2,0
BRDA:248,35,0,0
BRDA:248,35,1,0
BRDA:254,36,0,0
BRDA:254,36,1,0
BRDA:254,36,2,0
BRDA:254,36,3,0
BRDA:254,36,4,0
BRDA:254,36,5,0
BRDA:254,36,6,0
BRDA:263,37,0,0
BRDA:263,37,1,0
BRDA:267,38,0,0
BRDA:267,38,1,0
BRDA:271,39,0,0
BRDA:271,39,1,0
BRF:88
BRH:10
end_of_record
